TN:
SF:C:\Users\Hemand\WebstormProjects\schedule-app\src\components\ScheduleComponent.vue
FN:174,(anonymous_0)
FN:193,(anonymous_1)
FNF:2
FNH:0
FNDA:0,(anonymous_0)
FNDA:0,(anonymous_1)
DA:64,1
DA:91,1
DA:92,1
DA:93,1
DA:96,0
DA:99,0
DA:101,0
DA:102,0
DA:107,0
DA:109,0
DA:111,0
DA:112,0
DA:117,0
DA:119,0
DA:121,0
DA:122,0
DA:127,0
DA:129,0
DA:131,0
DA:132,0
DA:136,0
DA:139,0
DA:148,1
DA:150,1
DA:153,1
DA:155,1
DA:157,0
DA:158,0
DA:159,0
DA:164,0
DA:166,0
DA:177,0
DA:178,0
DA:179,0
DA:180,0
DA:181,0
DA:185,0
DA:186,0
DA:187,0
DA:194,0
DA:195,0
DA:196,0
DA:197,0
LF:43
LH:8
BRDA:91,0,0,1
BRDA:91,0,1,0
BRDA:99,1,0,0
BRDA:99,1,1,0
BRDA:109,2,0,0
BRDA:109,2,1,0
BRDA:119,3,0,0
BRDA:119,3,1,0
BRDA:129,4,0,0
BRDA:129,4,1,0
BRDA:155,5,0,0
BRDA:155,5,1,1
BRDA:158,6,0,0
BRDA:158,6,1,0
BRDA:178,7,0,0
BRDA:178,7,1,0
BRF:16
BRH:2
end_of_record
